Using pre-set license
Built from 'trunk' branch; Version is '6000.0.15f1 (6a96561936c0) revision 6985302'; Using compiler version '193933523'; Build Type 'Release'
OS: 'Windows 10  (10.0.19045) 64bit Professional' Language: 'en' Physical Memory: 65467 MB
BatchMode: 1, IsHumanControllingUs: 0, StartBugReporterOnCrash: 0, Is64bit: 1, IsPro: 1

COMMAND LINE ARGUMENTS:
C:\Program Files\Unity\Hub\Editor\6000.0.15f1\Editor\Unity.exe
-adb2
-batchMode
-noUpm
-name
AssetImportWorker16
-projectPath
C:/Users/Dan-Mechanics/Development/GITHUB/WoollyRules/WoollyRules
-logFile
Logs/AssetImportWorker16.log
-srvPort
61396
-job-worker-count
7
-background-job-worker-count
8
-asset-garbage-collectors
1
Successfully changed project path to: C:/Users/Dan-Mechanics/Development/GITHUB/WoollyRules/WoollyRules
C:/Users/Dan-Mechanics/Development/GITHUB/WoollyRules/WoollyRules
[UnityMemory] Configuration Parameters - Can be set up in boot.config
    "memorysetup-bucket-allocator-granularity=16"
    "memorysetup-bucket-allocator-bucket-count=8"
    "memorysetup-bucket-allocator-block-size=33554432"
    "memorysetup-bucket-allocator-block-count=8"
    "memorysetup-main-allocator-block-size=16777216"
    "memorysetup-thread-allocator-block-size=16777216"
    "memorysetup-gfx-main-allocator-block-size=16777216"
    "memorysetup-gfx-thread-allocator-block-size=16777216"
    "memorysetup-cache-allocator-block-size=4194304"
    "memorysetup-typetree-allocator-block-size=2097152"
    "memorysetup-profiler-bucket-allocator-granularity=16"
    "memorysetup-profiler-bucket-allocator-bucket-count=8"
    "memorysetup-profiler-bucket-allocator-block-size=33554432"
    "memorysetup-profiler-bucket-allocator-block-count=8"
    "memorysetup-profiler-allocator-block-size=16777216"
    "memorysetup-profiler-editor-allocator-block-size=1048576"
    "memorysetup-temp-allocator-size-main=16777216"
    "memorysetup-job-temp-allocator-block-size=2097152"
    "memorysetup-job-temp-allocator-block-size-background=1048576"
    "memorysetup-job-temp-allocator-reduction-small-platforms=262144"
    "memorysetup-allocator-temp-initial-block-size-main=262144"
    "memorysetup-allocator-temp-initial-block-size-worker=262144"
    "memorysetup-temp-allocator-size-background-worker=32768"
    "memorysetup-temp-allocator-size-job-worker=262144"
    "memorysetup-temp-allocator-size-preload-manager=33554432"
    "memorysetup-temp-allocator-size-nav-mesh-worker=65536"
    "memorysetup-temp-allocator-size-audio-worker=65536"
    "memorysetup-temp-allocator-size-cloud-worker=32768"
    "memorysetup-temp-allocator-size-gi-baking-worker=262144"
    "memorysetup-temp-allocator-size-gi-baking-worker=262144"
    "memorysetup-temp-allocator-size-gi-baking-worker=262144"
    "memorysetup-temp-allocator-size-gi-baking-worker=262144"
    "memorysetup-temp-allocator-size-gi-baking-worker=262144"
    "memorysetup-temp-allocator-size-gfx=262144"
Player connection [32292]  Target information:

Player connection [32292]  * "[IP] 192.168.81.187 [Port] 0 [Flags] 2 [Guid] 4283357792 [EditorId] 4283357792 [Version] 1048832 [Id] WindowsEditor(7,DESKTOP-U6NUIV5) [Debug] 1 [PackageName] WindowsEditor [ProjectName] Editor" 

Player connection [32292] Host joined multi-casting on [225.0.0.222:54997]...
Player connection [32292] Host joined alternative multi-casting on [225.0.0.222:34997]...
JobSystem: Creating JobQueue using job-worker-count value 7
Library Redirect Path: Library/
[PhysX] Initialized MultithreadedTaskDispatcher with 8 workers.
Refreshing native plugins compatible for Editor in 1.62 ms, found 3 plugins.
Preloading 0 native plugins for Editor in 0.00 ms.
Initialize engine version: 6000.0.15f1 (6a96561936c0)
[Subsystems] Discovering subsystems at path C:/Program Files/Unity/Hub/Editor/6000.0.15f1/Editor/Data/Resources/UnitySubsystems
[Subsystems] Discovering subsystems at path C:/Users/Dan-Mechanics/Development/GITHUB/WoollyRules/WoollyRules/Assets
GfxDevice: creating device client; kGfxThreadingModeNonThreaded
Direct3D:
    Version:  Direct3D 11.0 [level 11.1]
    Renderer: NVIDIA GeForce RTX 2080 SUPER (ID=0x1e81)
    Vendor:   NVIDIA
    VRAM:     7987 MB
    Driver:   31.0.15.5123
Initialize mono
Mono path[0] = 'C:/Program Files/Unity/Hub/Editor/6000.0.15f1/Editor/Data/Managed'
Mono path[1] = 'C:/Program Files/Unity/Hub/Editor/6000.0.15f1/Editor/Data/MonoBleedingEdge/lib/mono/unityjit-win32'
Mono config path = 'C:/Program Files/Unity/Hub/Editor/6000.0.15f1/Editor/Data/MonoBleedingEdge/etc'
Using monoOptions --debugger-agent=transport=dt_socket,embedding=1,server=y,suspend=n,address=127.0.0.1:56424
Begin MonoManager ReloadAssembly
Registering precompiled unity dll's ...
Register platform support module: C:/Program Files/Unity/Hub/Editor/6000.0.15f1/Editor/Data/PlaybackEngines/WindowsStandaloneSupport/UnityEditor.WindowsStandalone.Extensions.dll
Registered in 0.003251 seconds.
- Loaded All Assemblies, in  0.383 seconds
Native extension for WindowsStandalone target not found
Mono: successfully reloaded assembly
- Finished resetting the current domain, in  0.309 seconds
Domain Reload Profiling: 690ms
	BeginReloadAssembly (134ms)
		ExecutionOrderSort (0ms)
		DisableScriptedObjects (0ms)
		BackupInstance (0ms)
		ReleaseScriptingObjects (0ms)
		CreateAndSetChildDomain (1ms)
	RebuildCommonClasses (38ms)
	RebuildNativeTypeToScriptingClass (12ms)
	initialDomainReloadingComplete (48ms)
	LoadAllAssembliesAndSetupDomain (148ms)
		LoadAssemblies (130ms)
		RebuildTransferFunctionScriptingTraits (0ms)
		AnalyzeDomain (145ms)
			TypeCache.Refresh (144ms)
				TypeCache.ScanAssembly (132ms)
			BuildScriptInfoCaches (0ms)
			ResolveRequiredComponents (1ms)
	FinalizeReload (309ms)
		ReleaseScriptCaches (0ms)
		RebuildScriptCaches (0ms)
		SetupLoadedEditorAssemblies (264ms)
			LogAssemblyErrors (0ms)
			InitializePlatformSupportModulesInManaged (27ms)
			SetLoadedEditorAssemblies (4ms)
			BeforeProcessingInitializeOnLoad (6ms)
			ProcessInitializeOnLoadAttributes (161ms)
			ProcessInitializeOnLoadMethodAttributes (63ms)
			AfterProcessingInitializeOnLoad (2ms)
			EditorAssembliesLoaded (0ms)
		ExecutionOrderSort2 (0ms)
		AwakeInstancesAfterBackupRestoration (0ms)
========================================================================
Worker process is ready to serve import requests
Import Worker Mode flag is 0x00
Begin MonoManager ReloadAssembly
- Loaded All Assemblies, in  0.962 seconds
Refreshing native plugins compatible for Editor in 1.03 ms, found 3 plugins.
Native extension for WindowsStandalone target not found
Mono: successfully reloaded assembly
- Finished resetting the current domain, in  0.824 seconds
Domain Reload Profiling: 1780ms
	BeginReloadAssembly (358ms)
		ExecutionOrderSort (0ms)
		DisableScriptedObjects (5ms)
		BackupInstance (0ms)
		ReleaseScriptingObjects (0ms)
		CreateAndSetChildDomain (31ms)
	RebuildCommonClasses (36ms)
	RebuildNativeTypeToScriptingClass (15ms)
	initialDomainReloadingComplete (40ms)
	LoadAllAssembliesAndSetupDomain (507ms)
		LoadAssemblies (347ms)
		RebuildTransferFunctionScriptingTraits (0ms)
		AnalyzeDomain (257ms)
			TypeCache.Refresh (175ms)
				TypeCache.ScanAssembly (158ms)
			BuildScriptInfoCaches (68ms)
			ResolveRequiredComponents (11ms)
	FinalizeReload (825ms)
		ReleaseScriptCaches (0ms)
		RebuildScriptCaches (0ms)
		SetupLoadedEditorAssemblies (577ms)
			LogAssemblyErrors (0ms)
			InitializePlatformSupportModulesInManaged (3ms)
			SetLoadedEditorAssemblies (6ms)
			BeforeProcessingInitializeOnLoad (71ms)
			ProcessInitializeOnLoadAttributes (414ms)
			ProcessInitializeOnLoadMethodAttributes (76ms)
			AfterProcessingInitializeOnLoad (9ms)
			EditorAssembliesLoaded (0ms)
		ExecutionOrderSort2 (0ms)
		AwakeInstancesAfterBackupRestoration (9ms)
Launched and connected shader compiler UnityShaderCompiler.exe after 0.01 seconds
Refreshing native plugins compatible for Editor in 1.22 ms, found 3 plugins.
Preloading 0 native plugins for Editor in 0.00 ms.
Unloading 227 Unused Serialized files (Serialized files now loaded: 0)
Unloading 5933 unused Assets / (4.5 MB). Loaded Objects now: 6733.
Memory consumption went from 194.9 MB to 190.4 MB.
Total: 8.426900 ms (FindLiveObjects: 0.744000 ms CreateObjectMapping: 1.135400 ms MarkObjects: 4.302600 ms  DeleteObjects: 2.244000 ms)

========================================================================
Received Import Request.
  Time since last request: 693853.839756 seconds.
  path: Assets/Tim/Prefabs/Sheep 3.prefab
  artifactKey: Guid(873ac4319968629409b71c89cddb23a0) Importer(815301076,1909f56bfc062723c751e8b465ee728b)
Start importing Assets/Tim/Prefabs/Sheep 3.prefab using Guid(873ac4319968629409b71c89cddb23a0) Importer(815301076,1909f56bfc062723c751e8b465ee728b) (PreviewImporter)[PhysX] Initialized MultithreadedTaskDispatcher with 8 workers.
[PhysX] Initialized MultithreadedTaskDispatcher with 8 workers.
 -> (artifact id: '0291691888cfb96a63af422a5e4efa41') in 0.4690239 seconds
Number of updated asset objects reloaded before import = 0Number of asset objects unloaded after import = 146

========================================================================
Received Import Request.
  Time since last request: 24.862619 seconds.
  path: Assets/Tim/Prefabs/Sheep 3.prefab
  artifactKey: Guid(873ac4319968629409b71c89cddb23a0) Importer(815301076,1909f56bfc062723c751e8b465ee728b)
Start importing Assets/Tim/Prefabs/Sheep 3.prefab using Guid(873ac4319968629409b71c89cddb23a0) Importer(815301076,1909f56bfc062723c751e8b465ee728b) (PreviewImporter)[PhysX] Initialized MultithreadedTaskDispatcher with 8 workers.
[PhysX] Initialized MultithreadedTaskDispatcher with 8 workers.
 -> (artifact id: '16327eb9ba0aa19ed9d69fb8ddc55eac') in 0.0240999 seconds
Number of updated asset objects reloaded before import = 0Number of asset objects unloaded after import = 146

========================================================================
Received Import Request.
  Time since last request: 3.326767 seconds.
  path: Assets/Tim/Prefabs/Sheep 3.prefab
  artifactKey: Guid(873ac4319968629409b71c89cddb23a0) Importer(815301076,1909f56bfc062723c751e8b465ee728b)
Start importing Assets/Tim/Prefabs/Sheep 3.prefab using Guid(873ac4319968629409b71c89cddb23a0) Importer(815301076,1909f56bfc062723c751e8b465ee728b) (PreviewImporter)[PhysX] Initialized MultithreadedTaskDispatcher with 8 workers.
[PhysX] Initialized MultithreadedTaskDispatcher with 8 workers.
 -> (artifact id: '1d08b303b006f0c12b5ab19a99bc6ec4') in 0.0230384 seconds
Number of updated asset objects reloaded before import = 0Number of asset objects unloaded after import = 146

========================================================================
Received Import Request.
  Time since last request: 311.479402 seconds.
  path: Assets/Andrea/menu.mp3
  artifactKey: Guid(e0f8b37f98fc3784a81cc4f722290c7c) Importer(815301076,1909f56bfc062723c751e8b465ee728b)
Start importing Assets/Andrea/menu.mp3 using Guid(e0f8b37f98fc3784a81cc4f722290c7c) Importer(815301076,1909f56bfc062723c751e8b465ee728b) (PreviewImporter)[PhysX] Initialized MultithreadedTaskDispatcher with 8 workers.
[PhysX] Initialized MultithreadedTaskDispatcher with 8 workers.
 -> (artifact id: 'e0a2f8f7d3529fcc0d8db37d35965218') in 0.0397974 seconds
Number of updated asset objects reloaded before import = 0Number of asset objects unloaded after import = 2

========================================================================
Received Import Request.
  Time since last request: 221.383195 seconds.
  path: Assets/Tim/Prefabs/Bear Variant.prefab
  artifactKey: Guid(88a5dd8104811c343889bebb90d85921) Importer(815301076,1909f56bfc062723c751e8b465ee728b)
Start importing Assets/Tim/Prefabs/Bear Variant.prefab using Guid(88a5dd8104811c343889bebb90d85921) Importer(815301076,1909f56bfc062723c751e8b465ee728b) (PreviewImporter)[PhysX] Initialized MultithreadedTaskDispatcher with 8 workers.
[PhysX] Initialized MultithreadedTaskDispatcher with 8 workers.
 -> (artifact id: '8cb42b1d5bd8b87ba053f35eb8a0c68e') in 0.044964 seconds
Number of updated asset objects reloaded before import = 0Number of asset objects unloaded after import = 211

========================================================================
Received Import Request.
  Time since last request: 0.000039 seconds.
  path: Assets/Tim/Prefabs/Camera Pivot.prefab
  artifactKey: Guid(12d5a4b206f859942886b26b4e2db61e) Importer(815301076,1909f56bfc062723c751e8b465ee728b)
Start importing Assets/Tim/Prefabs/Camera Pivot.prefab using Guid(12d5a4b206f859942886b26b4e2db61e) Importer(815301076,1909f56bfc062723c751e8b465ee728b) (PreviewImporter)[PhysX] Initialized MultithreadedTaskDispatcher with 8 workers.
[PhysX] Initialized MultithreadedTaskDispatcher with 8 workers.
 -> (artifact id: 'e4c0c3baab6f85489d7fe24d03dfc206') in 0.0386199 seconds
Number of updated asset objects reloaded before import = 0Number of asset objects unloaded after import = 280

========================================================================
Received Import Request.
  Time since last request: 0.065847 seconds.
  path: Assets/Tim/Prefabs/Bear Variant.prefab
  artifactKey: Guid(88a5dd8104811c343889bebb90d85921) Importer(815301076,1909f56bfc062723c751e8b465ee728b)
Start importing Assets/Tim/Prefabs/Bear Variant.prefab using Guid(88a5dd8104811c343889bebb90d85921) Importer(815301076,1909f56bfc062723c751e8b465ee728b) (PreviewImporter)[PhysX] Initialized MultithreadedTaskDispatcher with 8 workers.
[PhysX] Initialized MultithreadedTaskDispatcher with 8 workers.
 -> (artifact id: 'b0e8c0eea5e121c872cdd4a813a708e6') in 0.0323195 seconds
Number of updated asset objects reloaded before import = 0Number of asset objects unloaded after import = 211

========================================================================
Received Import Request.
  Time since last request: 0.000036 seconds.
  path: Assets/Tim/Prefabs/Camera Pivot.prefab
  artifactKey: Guid(12d5a4b206f859942886b26b4e2db61e) Importer(815301076,1909f56bfc062723c751e8b465ee728b)
Start importing Assets/Tim/Prefabs/Camera Pivot.prefab using Guid(12d5a4b206f859942886b26b4e2db61e) Importer(815301076,1909f56bfc062723c751e8b465ee728b) (PreviewImporter)[PhysX] Initialized MultithreadedTaskDispatcher with 8 workers.
[PhysX] Initialized MultithreadedTaskDispatcher with 8 workers.
 -> (artifact id: '07b3370d501c89f2703e2d8fe190f765') in 0.0237577 seconds
Number of updated asset objects reloaded before import = 0Number of asset objects unloaded after import = 280

========================================================================
Received Import Request.
  Time since last request: 48.577814 seconds.
  path: Assets/Tim/Prefabs/Camera Pivot.prefab
  artifactKey: Guid(12d5a4b206f859942886b26b4e2db61e) Importer(815301076,1909f56bfc062723c751e8b465ee728b)
Start importing Assets/Tim/Prefabs/Camera Pivot.prefab using Guid(12d5a4b206f859942886b26b4e2db61e) Importer(815301076,1909f56bfc062723c751e8b465ee728b) (PreviewImporter)[PhysX] Initialized MultithreadedTaskDispatcher with 8 workers.
[PhysX] Initialized MultithreadedTaskDispatcher with 8 workers.
 -> (artifact id: 'b2366d7a21e6566bd0cab4a27bc6eee3') in 0.0244989 seconds
Number of updated asset objects reloaded before import = 0Number of asset objects unloaded after import = 280

========================================================================
Received Import Request.
  Time since last request: 0.000028 seconds.
  path: Assets/Tim/Prefabs/Luuk Sheep Back.prefab
  artifactKey: Guid(3d5f1e8bc1bfcf94bb25a3195ea80289) Importer(815301076,1909f56bfc062723c751e8b465ee728b)
Start importing Assets/Tim/Prefabs/Luuk Sheep Back.prefab using Guid(3d5f1e8bc1bfcf94bb25a3195ea80289) Importer(815301076,1909f56bfc062723c751e8b465ee728b) (PreviewImporter)[PhysX] Initialized MultithreadedTaskDispatcher with 8 workers.
[PhysX] Initialized MultithreadedTaskDispatcher with 8 workers.
 -> (artifact id: 'e2c00b77f351ee88fd24caa883d2779a') in 0.01974 seconds
Number of updated asset objects reloaded before import = 0Number of asset objects unloaded after import = 23

========================================================================
Received Import Request.
  Time since last request: 36.155876 seconds.
  path: Assets/Tim/Prefabs/Sheep 3.prefab
  artifactKey: Guid(873ac4319968629409b71c89cddb23a0) Importer(815301076,1909f56bfc062723c751e8b465ee728b)
Start importing Assets/Tim/Prefabs/Sheep 3.prefab using Guid(873ac4319968629409b71c89cddb23a0) Importer(815301076,1909f56bfc062723c751e8b465ee728b) (PreviewImporter)[PhysX] Initialized MultithreadedTaskDispatcher with 8 workers.
[PhysX] Initialized MultithreadedTaskDispatcher with 8 workers.
 -> (artifact id: 'f9bfc4f2864c5f96f7325afdab051f25') in 0.0255453 seconds
Number of updated asset objects reloaded before import = 0Number of asset objects unloaded after import = 146

========================================================================
Received Import Request.
  Time since last request: 6.582955 seconds.
  path: Assets/Tim/Prefabs/Sheep 3.prefab
  artifactKey: Guid(873ac4319968629409b71c89cddb23a0) Importer(815301076,1909f56bfc062723c751e8b465ee728b)
Start importing Assets/Tim/Prefabs/Sheep 3.prefab using Guid(873ac4319968629409b71c89cddb23a0) Importer(815301076,1909f56bfc062723c751e8b465ee728b) (PreviewImporter)[PhysX] Initialized MultithreadedTaskDispatcher with 8 workers.
[PhysX] Initialized MultithreadedTaskDispatcher with 8 workers.
 -> (artifact id: 'cbb76a07a774f140400406b0667ebf4b') in 0.025848 seconds
Number of updated asset objects reloaded before import = 0Number of asset objects unloaded after import = 146

========================================================================
Received Import Request.
  Time since last request: 138.792243 seconds.
  path: Assets/Tim/Prefabs/Camera Pivot.prefab
  artifactKey: Guid(12d5a4b206f859942886b26b4e2db61e) Importer(815301076,1909f56bfc062723c751e8b465ee728b)
Start importing Assets/Tim/Prefabs/Camera Pivot.prefab using Guid(12d5a4b206f859942886b26b4e2db61e) Importer(815301076,1909f56bfc062723c751e8b465ee728b) (PreviewImporter)[PhysX] Initialized MultithreadedTaskDispatcher with 8 workers.
[PhysX] Initialized MultithreadedTaskDispatcher with 8 workers.
 -> (artifact id: '9f3ba1e0a307a71b65111319ebed5338') in 0.0246966 seconds
Number of updated asset objects reloaded before import = 0Number of asset objects unloaded after import = 280

========================================================================
Received Import Request.
  Time since last request: 0.000033 seconds.
  path: Assets/Tim/Prefabs/Sheep 3.prefab
  artifactKey: Guid(873ac4319968629409b71c89cddb23a0) Importer(815301076,1909f56bfc062723c751e8b465ee728b)
Start importing Assets/Tim/Prefabs/Sheep 3.prefab using Guid(873ac4319968629409b71c89cddb23a0) Importer(815301076,1909f56bfc062723c751e8b465ee728b) (PreviewImporter)[PhysX] Initialized MultithreadedTaskDispatcher with 8 workers.
[PhysX] Initialized MultithreadedTaskDispatcher with 8 workers.
 -> (artifact id: 'a51fcaca129571b643392693ac3a120c') in 0.0207159 seconds
Number of updated asset objects reloaded before import = 0Number of asset objects unloaded after import = 146

========================================================================
Received Import Request.
  Time since last request: 127.549065 seconds.
  path: Assets/Tim/Prefabs/Bear Variant.prefab
  artifactKey: Guid(88a5dd8104811c343889bebb90d85921) Importer(815301076,1909f56bfc062723c751e8b465ee728b)
Start importing Assets/Tim/Prefabs/Bear Variant.prefab using Guid(88a5dd8104811c343889bebb90d85921) Importer(815301076,1909f56bfc062723c751e8b465ee728b) (PreviewImporter)[PhysX] Initialized MultithreadedTaskDispatcher with 8 workers.
[PhysX] Initialized MultithreadedTaskDispatcher with 8 workers.
 -> (artifact id: '67c5769d92eca59bd5796e6d7e92129e') in 0.0348753 seconds
Number of updated asset objects reloaded before import = 0Number of asset objects unloaded after import = 211

========================================================================
Received Import Request.
  Time since last request: 0.000052 seconds.
  path: Assets/Tim/Prefabs/Luuk Sheep Back.prefab
  artifactKey: Guid(3d5f1e8bc1bfcf94bb25a3195ea80289) Importer(815301076,1909f56bfc062723c751e8b465ee728b)
Start importing Assets/Tim/Prefabs/Luuk Sheep Back.prefab using Guid(3d5f1e8bc1bfcf94bb25a3195ea80289) Importer(815301076,1909f56bfc062723c751e8b465ee728b) (PreviewImporter)[PhysX] Initialized MultithreadedTaskDispatcher with 8 workers.
[PhysX] Initialized MultithreadedTaskDispatcher with 8 workers.
 -> (artifact id: 'af701a5c302d42aee68413f271883903') in 0.0150071 seconds
Number of updated asset objects reloaded before import = 0Number of asset objects unloaded after import = 23

========================================================================
Received Import Request.
  Time since last request: 0.000032 seconds.
  path: Assets/Tim/Prefabs/Sheep Piece.prefab
  artifactKey: Guid(e4f4e119e26b07848b5491e6ba9b9daf) Importer(815301076,1909f56bfc062723c751e8b465ee728b)
Start importing Assets/Tim/Prefabs/Sheep Piece.prefab using Guid(e4f4e119e26b07848b5491e6ba9b9daf) Importer(815301076,1909f56bfc062723c751e8b465ee728b) (PreviewImporter)[PhysX] Initialized MultithreadedTaskDispatcher with 8 workers.
[PhysX] Initialized MultithreadedTaskDispatcher with 8 workers.
 -> (artifact id: '5a86e9baa458d8f7d5881d24a2013510') in 0.0186136 seconds
Number of updated asset objects reloaded before import = 0Number of asset objects unloaded after import = 39

========================================================================
Received Import Request.
  Time since last request: 0.000038 seconds.
  path: Assets/Tim/Prefabs/Sheep 3.prefab
  artifactKey: Guid(873ac4319968629409b71c89cddb23a0) Importer(815301076,1909f56bfc062723c751e8b465ee728b)
Start importing Assets/Tim/Prefabs/Sheep 3.prefab using Guid(873ac4319968629409b71c89cddb23a0) Importer(815301076,1909f56bfc062723c751e8b465ee728b) (PreviewImporter)[PhysX] Initialized MultithreadedTaskDispatcher with 8 workers.
[PhysX] Initialized MultithreadedTaskDispatcher with 8 workers.
 -> (artifact id: '67949b3100c8649f96d4725303426a76') in 0.0239935 seconds
Number of updated asset objects reloaded before import = 0Number of asset objects unloaded after import = 146

========================================================================
Received Prepare
Refreshing native plugins compatible for Editor in 1.49 ms, found 3 plugins.
Preloading 0 native plugins for Editor in 0.00 ms.
Unloading 17 Unused Serialized files (Serialized files now loaded: 0)
Unloading 5927 unused Assets / (4.9 MB). Loaded Objects now: 6887.
Memory consumption went from 169.0 MB to 164.2 MB.
Total: 14.941400 ms (FindLiveObjects: 1.143400 ms CreateObjectMapping: 1.394800 ms MarkObjects: 9.193600 ms  DeleteObjects: 3.208700 ms)

Prepare: number of updated asset objects reloaded= 0
Editor requested this worker to shutdown with reason: Scaling down because of idle timeout
AssetImportWorker is now disconnected from the server
Process exiting
Exiting without the bug reporter. Application will terminate with return code 0